# Logfile created on 2012-12-11 20:01:20 -0500 by logger.rb/25413
REQUESTING PAGE: GET /pages/home with {} and HTTP headers {}
REQUESTING PAGE: GET /static_pages/home with {} and HTTP headers {}
REQUESTING PAGE: GET /static_pages/home with {} and HTTP headers {}
REQUESTING PAGE: GET /static_pages/home with {} and HTTP headers {}
REQUESTING PAGE: GET /static_pages/home with {} and HTTP headers {}
REQUESTING PAGE: GET /static_pages/help with {} and HTTP headers {}
REQUESTING PAGE: GET /static_pages/about with {} and HTTP headers {}
REQUESTING PAGE: GET /static_pages/home with {} and HTTP headers {}
REQUESTING PAGE: GET /static_pages/help with {} and HTTP headers {}
REQUESTING PAGE: GET /static_pages/about with {} and HTTP headers {}
REQUESTING PAGE: GET /static_pages/home with {} and HTTP headers {}
REQUESTING PAGE: GET /static_pages/help with {} and HTTP headers {}
REQUESTING PAGE: GET /static_pages/about with {} and HTTP headers {}
REQUESTING PAGE: GET /static_pages/home with {} and HTTP headers {}
REQUESTING PAGE: GET /static_pages/help with {} and HTTP headers {}
REQUESTING PAGE: GET /static_pages/about with {} and HTTP headers {}
REQUESTING PAGE: GET /static_pages/home with {} and HTTP headers {}
REQUESTING PAGE: GET /static_pages/home with {} and HTTP headers {}
REQUESTING PAGE: GET /static_pages/help with {} and HTTP headers {}
REQUESTING PAGE: GET /static_pages/help with {} and HTTP headers {}
REQUESTING PAGE: GET /static_pages/about with {} and HTTP headers {}
REQUESTING PAGE: GET /static_pages/about with {} and HTTP headers {}
REQUESTING PAGE: GET /static_pages/home with {} and HTTP headers {}
REQUESTING PAGE: GET /static_pages/home with {} and HTTP headers {}
REQUESTING PAGE: GET /static_pages/help with {} and HTTP headers {}
REQUESTING PAGE: GET /static_pages/help with {} and HTTP headers {}
REQUESTING PAGE: GET /static_pages/about with {} and HTTP headers {}
REQUESTING PAGE: GET /static_pages/about with {} and HTTP headers {}
REQUESTING PAGE: GET /static_pages/home with {} and HTTP headers {}
REQUESTING PAGE: GET /static_pages/home with {} and HTTP headers {}
REQUESTING PAGE: GET /static_pages/help with {} and HTTP headers {}
REQUESTING PAGE: GET /static_pages/help with {} and HTTP headers {}
REQUESTING PAGE: GET /static_pages/about with {} and HTTP headers {}
REQUESTING PAGE: GET /static_pages/about with {} and HTTP headers {}
REQUESTING PAGE: GET /static_pages/home with {} and HTTP headers {}
REQUESTING PAGE: GET /static_pages/home with {} and HTTP headers {}
REQUESTING PAGE: GET /static_pages/help with {} and HTTP headers {}
REQUESTING PAGE: GET /static_pages/help with {} and HTTP headers {}
REQUESTING PAGE: GET /static_pages/about with {} and HTTP headers {}
REQUESTING PAGE: GET /static_pages/about with {} and HTTP headers {}
REQUESTING PAGE: GET /static_pages/home with {} and HTTP headers {}
REQUESTING PAGE: GET /static_pages/home with {} and HTTP headers {}
REQUESTING PAGE: GET /static_pages/help with {} and HTTP headers {}
REQUESTING PAGE: GET /static_pages/help with {} and HTTP headers {}
REQUESTING PAGE: GET /static_pages/about with {} and HTTP headers {}
REQUESTING PAGE: GET /static_pages/about with {} and HTTP headers {}
